[2025-07-17 19:02:34.003206] open terminal => {'status': 'error', 'message': 'I can learn this if you show me once.'}
[2025-07-17 19:02:44.501389] open terminal => {'status': 'error', 'message': 'I can learn this if you show me once.'}
[2025-07-17 19:03:03.483689] what is time => {'status': 'error', 'message': 'I can learn this if you show me once.'}
[2025-07-17 19:03:06.208403] what is time => {'status': 'error', 'message': 'I can learn this if you show me once.'}
[2025-07-17 19:03:07.102459] what is time => {'status': 'error', 'message': 'I can learn this if you show me once.'}
[2025-07-17 19:05:09.259069] what is timw => {'status': 'error', 'message': 'I can learn this if you show me once.'}
[2025-07-17 19:05:21.955226] what's time? => {'status': 'error', 'message': 'I can learn this if you show me once.'}
[2025-07-17 19:09:04.819156] help => {'status': 'ok', 'message': "I can do:\nreboot (restarts your computer)\nshutdown (powers off your computer)\nupdate (runs system update)\nuptime (shows how long your system has been running)\nrun <command> (runs any terminal command)\nsearch file <pattern> (finds files)\nread file <path> (shows file content)\ndelete file <path> (removes a file, asks for confirmation)\nping <host> (network test)\npublic ip (shows your public IP address)\nlist users (shows all system users)\nchange password <user> <newpass>\nswitch user <user>\nlist processes\nkill process <pid>\ncpu usage / ram usage / disk usage\nclear memory (clears assistant memory)\nshow logs (shows today's logs)\nwhat did I do last friday (shows your command history)"}
[2025-07-17 19:18:55.033018] helo => {'status': 'error', 'message': 'I can learn this if you show me once.'}
[2025-07-17 19:19:09.176237] what's time? => {'status': 'error', 'message': 'I can learn this if you show me once.'}
[2025-07-17 19:36:03.571017] what time is it => {'status': 'ok', 'message': 'The current time is 19:36:03.'}
[2025-07-17 19:36:35.835048] sean your logs logs => {'status': 'error', 'message': 'I can learn this if you show me once.'}
[2025-07-17 19:37:04.344061] watch watch diaries or is it did => {'status': 'error', 'message': 'I can learn this if you show me once.'}
[2025-07-17 19:37:27.342714] what what the time he time is is it it => {'status': 'error', 'message': 'I can learn this if you show me once.'}
[2025-07-17 19:52:55.329390] open firefox => {'status': 'ok', 'message': 'Opened firefox.'}
[2025-07-17 19:52:56.363196] hope open fire fire fire for fox => {'status': 'error', 'message': 'I can learn this if you show me once.'}
[2025-07-17 19:53:13.848422] open firefox => {'status': 'ok', 'message': 'Opened firefox.'}
[2025-07-17 19:53:17.812384] hope open fire fire fire for fox => {'status': 'error', 'message': 'I can learn this if you show me once.'}
[2025-07-17 20:03:22.335166] how are you => {'status': 'ok', 'message': 'No problem! Hello! How can I help you?'}
[2025-07-17 20:03:46.832096] hope open fire firefox => {'status': 'ok', 'message': "Alright! I'm here to help! You can ask me to open programs, run scans, or just chat."}
[2025-07-17 20:03:56.698301] how are you => {'status': 'ok', 'message': 'Done! Hello! How can I help you?'}
[2025-07-17 20:04:04.946307] open firefox => {'status': 'ok', 'message': "Here's what I found: Opened firefox."}
